<?xml version="1.0" encoding="UTF-8"?>
<!-- Generated by org.testng.reporters.JUnitReportReporter -->
<testsuite hostname="Lenovo" failures="0" tests="1" name="project.test" time="90.002" errors="0" timestamp="2020-11-07T22:10:06 PST" skipped="0">
  <testcase classname="project.test" name="main" time="90.002"/>
  <system-out/>
</testsuite> <!-- project.test -->
