<?xml version="1.0" encoding="UTF-8"?>
<!-- Generated by org.testng.reporters.JUnitReportReporter -->
<testsuite hostname="Lenovo" failures="0" tests="1" name="Mavenproject.test.test" time="26.216" errors="0" timestamp="2020-11-07T19:25:10 GMT-08:00" skipped="0">
  <testcase classname="Mavenproject.test.test" name="main" time="26.216"/>
  <system-out/>
</testsuite> <!-- Mavenproject.test.test -->
