<?xml version="1.0" encoding="UTF-8"?>
<!-- Generated by org.testng.reporters.JUnitReportReporter -->
<testsuite skipped="0" hostname="Lenovo" name="project.test" tests="1" failures="0" timestamp="2020-11-28T16:47:20 PST" time="50.162" errors="0">
  <testcase name="main" time="50.162" classname="project.test"/>
  <system-out/>
</testsuite> <!-- project.test -->
